2024-06-18T11:07:17  docs(rules): add a --format json alias
2024-06-30T18:24:24  build(detect): fix off-by-one in line numbers
2024-07-12T13:41:31  fix(core): stream large files without buffering
2024-08-12T08:58:38  refactor(report): load rules lazily for faster startup
2024-08-24T15:15:45  test(deps): add a dry-run flag
2024-09-06T10:32:52  chore: in case of fire — commit, push, leave building
2024-10-06T17:49:59  feat(rules): add color + severity icons
2024-10-18T12:06:06  docs(output): memoize repeated lookups
2024-10-31T19:23:13  perf(docs): make timestamps timezone-aware
2024-11-30T14:40:20  style(cache): add a JSON schema for output
2024-12-13T09:57:27  docs: expand examples
2024-12-25T16:14:34  chore(config): lower memory on big inputs
2025-01-24T11:31:41  refactor(scan): respect .gitignore when walking
2025-02-06T18:48:48  test(fixtures): clarify the README quickstart
2025-02-18T13:05:55  build(engine): pin the test dependencies
2025-03-21T08:22:02  perf: speed. I am speed.
2025-04-02T15:39:09  docs(detect): document the config keys
2025-04-15T10:56:16  test(core): simplify the walker
2025-04-28T17:13:23  ci(report): support stdin as a source
2025-05-28T12:30:30  feat(deps): assert exit codes in tests
2025-06-10T19:47:37  refactor: future me will understand this
2025-06-22T14:04:44  perf(rules): normalize unicode before matching
2025-07-22T09:21:51  style(output): add a regression fixture
2025-08-04T16:38:58  build(docs): trim whitespace in parsed fields
2025-08-16T11:55:05  perf(io): add usage examples to help
2025-09-16T18:12:12  style(deps): bump the dev toolchain
2025-09-28T13:29:19  build(format): add --fail-on threshold handling
2025-10-10T08:46:26  docs: ELI5 pass
